SF:lib/core/api_paths.dart
DA:21,3
DA:22,6
DA:23,3
LF:3
LH:3
end_of_record
SF:lib/models/category_model.dart
DA:9,3
DA:14,1
DA:16,2
LF:3
LH:3
end_of_record
SF:lib/env/api_env.dart
DA:3,12
LF:1
LH:1
end_of_record
SF:lib/core/either.dart
DA:20,5
DA:24,5
DA:25,10
DA:27,6
DA:34,5
DA:43,3
LF:6
LH:6
end_of_record
SF:lib/core/http_adapter.dart
DA:9,3
DA:12,2
DA:15,9
DA:18,6
DA:30,1
DA:35,1
DA:49,1
DA:55,1
DA:57,1
DA:59,0
DA:60,0
DA:64,1
DA:66,0
DA:67,0
DA:71,0
DA:72,0
DA:75,1
DA:76,1
DA:78,0
DA:79,0
DA:81,0
DA:84,1
DA:91,1
DA:92,3
DA:94,3
DA:95,1
DA:96,0
DA:99,1
DA:100,1
DA:102,2
LF:30
LH:20
end_of_record
SF:lib/env/api_env_model.dart
DA:2,4
DA:5,4
DA:9,8
LF:3
LH:3
end_of_record
SF:lib/services/category_service.dart
DA:9,2
DA:11,1
DA:12,1
DA:16,2
DA:20,1
DA:21,1
DA:23,0
DA:25,1
DA:26,2
DA:27,1
DA:28,1
DA:30,1
DA:32,1
DA:34,2
LF:14
LH:13
end_of_record
SF:lib/models/rating_model.dart
DA:12,8
DA:22,3
DA:23,3
DA:24,3
DA:25,3
DA:32,3
LF:6
LH:6
end_of_record
SF:lib/models/product_model.dart
DA:29,3
DA:44,2
DA:45,2
DA:46,2
DA:47,4
DA:48,4
DA:49,4
DA:50,4
DA:51,2
DA:52,4
DA:59,2
DA:60,2
DA:67,2
DA:72,1
DA:74,4
LF:15
LH:15
end_of_record
SF:lib/controller/category_controller.dart
DA:16,1
DA:20,2
DA:27,1
DA:29,2
DA:30,2
DA:31,1
DA:32,0
DA:33,0
LF:8
LH:6
end_of_record
SF:lib/controller/product_controller.dart
DA:22,1
DA:26,2
DA:29,2
DA:32,0
DA:39,1
DA:41,2
DA:42,2
DA:43,1
DA:44,0
DA:45,0
DA:58,1
DA:61,1
DA:63,2
DA:64,2
DA:65,1
DA:66,0
DA:67,0
LF:17
LH:12
end_of_record
SF:lib/services/product_service.dart
DA:9,2
DA:11,1
DA:12,1
DA:16,2
DA:20,2
DA:22,0
DA:24,1
DA:25,2
DA:26,1
DA:29,1
DA:31,1
DA:34,1
DA:35,1
DA:39,1
DA:41,1
DA:44,2
DA:48,2
DA:50,0
DA:52,1
DA:53,2
DA:54,1
DA:57,1
DA:59,1
DA:62,1
DA:63,1
LF:25
LH:23
end_of_record
